<?xml version="1.0" encoding="UTF-8"?>
<testng-results skipped="0" failed="0" ignored="1" total="2" passed="1">
  <reporter-output>
  </reporter-output>
  <suite name="Suite" duration-ms="11784" started-at="2019-07-21T16:01:44Z" finished-at="2019-07-21T16:01:55Z">
    <groups>
      <group name="functional">
        <method signature="TestNG1.Testsample(java.lang.String, java.lang.String)[pri:0, instance:pkg.TestNG1@73ad2d6]" name="Testsample" class="pkg.TestNG1"/>
      </group> <!-- functional -->
      <group name="sanity">
        <method signature="TestNG1.Testsample(java.lang.String, java.lang.String)[pri:0, instance:pkg.TestNG1@73ad2d6]" name="Testsample" class="pkg.TestNG1"/>
      </group> <!-- sanity -->
      <group name="E2E">
        <method signature="TestNG1.Testsample(java.lang.String, java.lang.String)[pri:0, instance:pkg.TestNG1@73ad2d6]" name="Testsample" class="pkg.TestNG1"/>
      </group> <!-- E2E -->
      <group name="Modular">
        <method signature="TestNG1.Testsample(java.lang.String, java.lang.String)[pri:0, instance:pkg.TestNG1@73ad2d6]" name="Testsample" class="pkg.TestNG1"/>
      </group> <!-- Modular -->
    </groups>
    <test name="Test1" duration-ms="11784" started-at="2019-07-21T16:01:44Z" finished-at="2019-07-21T16:01:55Z">
      <class name="pkg.TestNG1">
        <test-method status="PASS" signature="setup()[pri:0, instance:pkg.TestNG1@73ad2d6]" name="setup" is-config="true" duration-ms="5446" started-at="2019-07-21T21:31:44Z" finished-at="2019-07-21T21:31:49Z">
          <reporter-output>
          </reporter-output>
        </test-method> <!-- setup -->
        <test-method status="PASS" signature="Testsample(java.lang.String, java.lang.String)[pri:0, instance:pkg.TestNG1@73ad2d6]" name="Testsample" duration-ms="4346" started-at="2019-07-21T21:31:49Z" description="Sample TestNG Testcase" finished-at="2019-07-21T21:31:54Z">
          <params>
            <param index="0">
              <value>
                <![CDATA[Srini]]>
              </value>
            </param>
            <param index="1">
              <value>
                <![CDATA[Core Java]]>
              </value>
            </param>
          </params>
          <reporter-output>
          </reporter-output>
        </test-method> <!-- Testsample -->
        <test-method status="PASS" signature="quitWin()[pri:0, instance:pkg.TestNG1@73ad2d6]" name="quitWin" is-config="true" duration-ms="1904" started-at="2019-07-21T21:31:54Z" finished-at="2019-07-21T21:31:55Z">
          <reporter-output>
          </reporter-output>
        </test-method> <!-- quitWin -->
      </class> <!-- pkg.TestNG1 -->
    </test> <!-- Test1 -->
  </suite> <!-- Suite -->
</testng-results>
